<?xml version="1.0" encoding="UTF-8"?>
<testsuite xmlns:xsi="http://www.w3.org/2001/XMLSchema-instance" xsi:noNamespaceSchemaLocation="https://maven.apache.org/surefire/maven-surefire-plugin/xsd/surefire-test-report-3.0.xsd" version="3.0" name="fr.isen.java2.db.daos.GenreDaoTestCase" time="0.352" tests="4" errors="0" skipped="0" failures="0">
  <properties>
[...]
</properties>
  <testcase name="shouldListGenres" classname="fr.isen.java2.db.daos.GenreDaoTestCase" time="0.237"/>
  <testcase name="shouldGetGenreByName" classname="fr.isen.java2.db.daos.GenreDaoTestCase" time="0.023"/>
  <testcase name="shouldNotGetUnknownGenre" classname="fr.isen.java2.db.daos.GenreDaoTestCase" time="0.014"/>
  <testcase name="shouldAddGenre" classname="fr.isen.java2.db.daos.GenreDaoTestCase" time="0.022"/>
</testsuite>